J:\Google Drive\Software Engineering Afeka\2016 Summer\Parallel Distributed Computing\Parallel_Final_PRoject_Coherent\Parallel_Final_Project\x64\Debug\cl.command.1.tlog
J:\Google Drive\Software Engineering Afeka\2016 Summer\Parallel Distributed Computing\Parallel_Final_PRoject_Coherent\Parallel_Final_Project\x64\Debug\CL.read.1.tlog
J:\Google Drive\Software Engineering Afeka\2016 Summer\Parallel Distributed Computing\Parallel_Final_PRoject_Coherent\Parallel_Final_Project\x64\Debug\CL.write.1.tlog
J:\GOOGLE DRIVE\SOFTWARE ENGINEERING AFEKA\2016 SUMMER\PARALLEL DISTRIBUTED COMPUTING\PARALLEL_FINAL_PROJECT_COHERENT\PARALLEL_FINAL_PROJECT\X64\DEBUG\FILE_FUNCS.OBJ
J:\GOOGLE DRIVE\SOFTWARE ENGINEERING AFEKA\2016 SUMMER\PARALLEL DISTRIBUTED COMPUTING\PARALLEL_FINAL_PROJECT_COHERENT\PARALLEL_FINAL_PROJECT\X64\DEBUG\FUNCTIONS.OBJ
J:\Google Drive\Software Engineering Afeka\2016 Summer\Parallel Distributed Computing\Parallel_Final_PRoject_Coherent\Parallel_Final_Project\x64\Debug\kernel.cu.cache
J:\Google Drive\Software Engineering Afeka\2016 Summer\Parallel Distributed Computing\Parallel_Final_PRoject_Coherent\Parallel_Final_Project\x64\Debug\kernel.cu.obj
J:\GOOGLE DRIVE\SOFTWARE ENGINEERING AFEKA\2016 SUMMER\PARALLEL DISTRIBUTED COMPUTING\PARALLEL_FINAL_PROJECT_COHERENT\PARALLEL_FINAL_PROJECT\X64\DEBUG\KMEANS_FUNCS.OBJ
J:\Google Drive\Software Engineering Afeka\2016 Summer\Parallel Distributed Computing\Parallel_Final_PRoject_Coherent\Parallel_Final_Project\x64\Debug\link.11652.read.1.tlog
J:\Google Drive\Software Engineering Afeka\2016 Summer\Parallel Distributed Computing\Parallel_Final_PRoject_Coherent\Parallel_Final_Project\x64\Debug\link.11652.write.1.tlog
J:\Google Drive\Software Engineering Afeka\2016 Summer\Parallel Distributed Computing\Parallel_Final_PRoject_Coherent\Parallel_Final_Project\x64\Debug\link.11652-cvtres.read.1.tlog
J:\Google Drive\Software Engineering Afeka\2016 Summer\Parallel Distributed Computing\Parallel_Final_PRoject_Coherent\Parallel_Final_Project\x64\Debug\link.11652-cvtres.write.1.tlog
J:\Google Drive\Software Engineering Afeka\2016 Summer\Parallel Distributed Computing\Parallel_Final_PRoject_Coherent\Parallel_Final_Project\x64\Debug\link.command.1.tlog
J:\Google Drive\Software Engineering Afeka\2016 Summer\Parallel Distributed Computing\Parallel_Final_PRoject_Coherent\Parallel_Final_Project\x64\Debug\link.read.1.tlog
J:\Google Drive\Software Engineering Afeka\2016 Summer\Parallel Distributed Computing\Parallel_Final_PRoject_Coherent\Parallel_Final_Project\x64\Debug\link.write.1.tlog
J:\Google Drive\Software Engineering Afeka\2016 Summer\Parallel Distributed Computing\Parallel_Final_PRoject_Coherent\Parallel_Final_Project\x64\Debug\link-cvtres.read.1.tlog
J:\Google Drive\Software Engineering Afeka\2016 Summer\Parallel Distributed Computing\Parallel_Final_PRoject_Coherent\Parallel_Final_Project\x64\Debug\link-cvtres.write.1.tlog
J:\GOOGLE DRIVE\SOFTWARE ENGINEERING AFEKA\2016 SUMMER\PARALLEL DISTRIBUTED COMPUTING\PARALLEL_FINAL_PROJECT_COHERENT\PARALLEL_FINAL_PROJECT\X64\DEBUG\MAIN.OBJ
J:\Google Drive\Software Engineering Afeka\2016 Summer\Parallel Distributed Computing\Parallel_Final_PRoject_Coherent\Parallel_Final_Project\x64\Debug\mt.command.1.tlog
J:\Google Drive\Software Engineering Afeka\2016 Summer\Parallel Distributed Computing\Parallel_Final_PRoject_Coherent\Parallel_Final_Project\x64\Debug\mt.read.1.tlog
J:\Google Drive\Software Engineering Afeka\2016 Summer\Parallel Distributed Computing\Parallel_Final_PRoject_Coherent\Parallel_Final_Project\x64\Debug\mt.write.1.tlog
J:\GOOGLE DRIVE\SOFTWARE ENGINEERING AFEKA\2016 SUMMER\PARALLEL DISTRIBUTED COMPUTING\PARALLEL_FINAL_PROJECT_COHERENT\PARALLEL_FINAL_PROJECT\X64\DEBUG\PARALLEL_FINAL_PROJECT.EXE.EMBED.MANIFEST
J:\GOOGLE DRIVE\SOFTWARE ENGINEERING AFEKA\2016 SUMMER\PARALLEL DISTRIBUTED COMPUTING\PARALLEL_FINAL_PROJECT_COHERENT\PARALLEL_FINAL_PROJECT\X64\DEBUG\PARALLEL_FINAL_PROJECT.EXE.EMBED.MANIFEST.RES
J:\GOOGLE DRIVE\SOFTWARE ENGINEERING AFEKA\2016 SUMMER\PARALLEL DISTRIBUTED COMPUTING\PARALLEL_FINAL_PROJECT_COHERENT\PARALLEL_FINAL_PROJECT\X64\DEBUG\PARALLEL_FINAL_PROJECT.EXE.INTERMEDIATE.MANIFEST
J:\Google Drive\Software Engineering Afeka\2016 Summer\Parallel Distributed Computing\Parallel_Final_PRoject_Coherent\Parallel_Final_Project\x64\Debug\Parallel_Final_Project.write.1.tlog
J:\Google Drive\Software Engineering Afeka\2016 Summer\Parallel Distributed Computing\Parallel_Final_PRoject_Coherent\Parallel_Final_Project\x64\Debug\Parallel_Final_Project_manifest.rc
J:\Google Drive\Software Engineering Afeka\2016 Summer\Parallel Distributed Computing\Parallel_Final_PRoject_Coherent\Parallel_Final_Project\x64\Debug\rc.command.1.tlog
J:\Google Drive\Software Engineering Afeka\2016 Summer\Parallel Distributed Computing\Parallel_Final_PRoject_Coherent\Parallel_Final_Project\x64\Debug\rc.read.1.tlog
J:\Google Drive\Software Engineering Afeka\2016 Summer\Parallel Distributed Computing\Parallel_Final_PRoject_Coherent\Parallel_Final_Project\x64\Debug\rc.write.1.tlog
J:\Google Drive\Software Engineering Afeka\2016 Summer\Parallel Distributed Computing\Parallel_Final_PRoject_Coherent\Parallel_Final_Project\x64\Debug\vc100.idb
J:\GOOGLE DRIVE\SOFTWARE ENGINEERING AFEKA\2016 SUMMER\PARALLEL DISTRIBUTED COMPUTING\PARALLEL_FINAL_PROJECT_COHERENT\PARALLEL_FINAL_PROJECT\X64\DEBUG\VC100.PDB
J:\GOOGLE DRIVE\SOFTWARE ENGINEERING AFEKA\2016 SUMMER\PARALLEL DISTRIBUTED COMPUTING\PARALLEL_FINAL_PROJECT_COHERENT\X64\DEBUG\PARALLEL_FINAL_PROJECT.EXE
J:\GOOGLE DRIVE\SOFTWARE ENGINEERING AFEKA\2016 SUMMER\PARALLEL DISTRIBUTED COMPUTING\PARALLEL_FINAL_PROJECT_COHERENT\X64\DEBUG\PARALLEL_FINAL_PROJECT.ILK
J:\GOOGLE DRIVE\SOFTWARE ENGINEERING AFEKA\2016 SUMMER\PARALLEL DISTRIBUTED COMPUTING\PARALLEL_FINAL_PROJECT_COHERENT\X64\DEBUG\PARALLEL_FINAL_PROJECT.PDB
