Build started 12/12/2016 13:29:45.
     1>Project "J:\Google Drive\Software Engineering Afeka\2016 Summer\Parallel Distributed Computing\Parallel_Final_PRoject_Coherent\Parallel_Final_Project\Parallel_Final_Project.vcxproj" on node 2 (build target(s)).
     1>InitializeBuildStatus:
         Creating "x64\Debug\Parallel_Final_Project.unsuccessfulbuild" because "AlwaysCreate" was specified.
       AddCudaCompileDeps:
         C:\Program Files (x86)\Microsoft Visual Studio 10.0\VC\bin\x86_amd64\cl.exe /E /nologo /showIncludes /TP /D__CUDACC__ /D_CRT_SECURE_NO_WARNINGS /DWIN32 /DWIN64 /D_DEBUG /D_CONSOLE /D_MBCS /I"C:\Program Files\MPICH2\include" /I"C:\Program Files\NVIDIA GPU Computing Toolkit\CUDA\v7.0\include" /I"C:\Program Files\NVIDIA GPU Computing Toolkit\CUDA\v7.0\bin" /I"C:\Program Files\NVIDIA GPU Computing Toolkit\CUDA\v7.0\include" /I. /FIcuda_runtime.h /c "J:\Google Drive\Software Engineering Afeka\2016 Summer\Parallel Distributed Computing\Parallel_Final_PRoject_Coherent\Parallel_Final_Project\kernel.cu" 
       AddCudaCompilePropsDeps:
       Skipping target "AddCudaCompilePropsDeps" because all output files are up-to-date with respect to the input files.
       CudaBuild:
         Compiling CUDA source file kernel.cu...
         cmd.exe /C "C:\Users\PC323\AppData\Local\Temp\tmp3bc014a8b3cd4ab980ea5198ea6bc9cb.cmd"
         "C:\Program Files\NVIDIA GPU Computing Toolkit\CUDA\v7.0\bin\nvcc.exe" -gencode=arch=compute_20,code=\"sm_20,compute_20\" --use-local-env --cl-version 2010 -ccbin "C:\Program Files (x86)\Microsoft Visual Studio 10.0\VC\bin\x86_amd64"  -I"C:\Program Files\MPICH2\include" -I"C:\Program Files\NVIDIA GPU Computing Toolkit\CUDA\v7.0\include" -I"C:\Program Files\NVIDIA GPU Computing Toolkit\CUDA\v7.0\include"  -G   --keep-dir x64\Debug -maxrregcount=0  --machine 64 --compile -cudart static  -g   -D_CRT_SECURE_NO_WARNINGS -DWIN32 -DWIN64 -D_DEBUG -D_CONSOLE -D_MBCS -Xcompiler "/EHsc /W3 /nologo /Od /Zi /RTC1 /MDd  " -o x64\Debug\kernel.cu.obj "J:\Google Drive\Software Engineering Afeka\2016 Summer\Parallel Distributed Computing\Parallel_Final_PRoject_Coherent\Parallel_Final_Project\kernel.cu"
         
         J:\Google Drive\Software Engineering Afeka\2016 Summer\Parallel Distributed Computing\Parallel_Final_PRoject_Coherent\Parallel_Final_Project>"C:\Program Files\NVIDIA GPU Computing Toolkit\CUDA\v7.0\bin\nvcc.exe" -gencode=arch=compute_20,code=\"sm_20,compute_20\" --use-local-env --cl-version 2010 -ccbin "C:\Program Files (x86)\Microsoft Visual Studio 10.0\VC\bin\x86_amd64"  -I"C:\Program Files\MPICH2\include" -I"C:\Program Files\NVIDIA GPU Computing Toolkit\CUDA\v7.0\include" -I"C:\Program Files\NVIDIA GPU Computing Toolkit\CUDA\v7.0\include"  -G   --keep-dir x64\Debug -maxrregcount=0  --machine 64 --compile -cudart static  -g   -D_CRT_SECURE_NO_WARNINGS -DWIN32 -DWIN64 -D_DEBUG -D_CONSOLE -D_MBCS -Xcompiler "/EHsc /W3 /nologo /Od /Zi /RTC1 /MDd  " -o x64\Debug\kernel.cu.obj "J:\Google Drive\Software Engineering Afeka\2016 Summer\Parallel Distributed Computing\Parallel_Final_PRoject_Coherent\Parallel_Final_Project\kernel.cu" 
     1>c:\program files\mpich2\include\mpicxx.h(409): warning : expression has no effect
         
     1>c:\program files\mpich2\include\mpicxx.h(409): warning : expression has no effect
         
     1>c:\program files\mpich2\include\mpicxx.h(409): warning : expression has no effect
         
     1>c:\program files\mpich2\include\mpicxx.h(409): warning : expression has no effect
         
     1>c:\program files\mpich2\include\mpicxx.h(409): warning : expression has no effect
         
     1>c:\program files\mpich2\include\mpicxx.h(410): warning : expression has no effect
         
     1>c:\program files\mpich2\include\mpicxx.h(410): warning : expression has no effect
         
     1>c:\program files\mpich2\include\mpicxx.h(410): warning : expression has no effect
         
     1>c:\program files\mpich2\include\mpicxx.h(410): warning : expression has no effect
         
     1>c:\program files\mpich2\include\mpicxx.h(411): warning : expression has no effect
         
     1>c:\program files\mpich2\include\mpicxx.h(411): warning : expression has no effect
         
     1>c:\program files\mpich2\include\mpicxx.h(411): warning : expression has no effect
         
     1>c:\program files\mpich2\include\mpicxx.h(1471): warning : expression has no effect
         
     1>c:\program files\mpich2\include\mpicxx.h(1471): warning : expression has no effect
         
     1>c:\program files\mpich2\include\mpicxx.h(1471): warning : expression has no effect
         
     1>c:\program files\mpich2\include\mpicxx.h(1471): warning : expression has no effect
         
     1>c:\program files\mpich2\include\mpicxx.h(1471): warning : expression has no effect
         
     1>c:\program files\mpich2\include\mpicxx.h(1472): warning : expression has no effect
         
     1>c:\program files\mpich2\include\mpicxx.h(1472): warning : expression has no effect
         
     1>c:\program files\mpich2\include\mpicxx.h(1472): warning : expression has no effect
         
     1>c:\program files\mpich2\include\mpicxx.h(1472): warning : expression has no effect
         
     1>c:\program files\mpich2\include\mpicxx.h(1473): warning : expression has no effect
         
     1>c:\program files\mpich2\include\mpicxx.h(1473): warning : expression has no effect
         
     1>c:\program files\mpich2\include\mpicxx.h(1473): warning : expression has no effect
         
     1>c:\program files\mpich2\include\mpicxx.h(1904): warning : expression has no effect
         
     1>c:\program files\mpich2\include\mpicxx.h(1904): warning : expression has no effect
         
     1>c:\program files\mpich2\include\mpicxx.h(1904): warning : expression has no effect
         
     1>c:\program files\mpich2\include\mpicxx.h(1904): warning : expression has no effect
         
     1>c:\program files\mpich2\include\mpicxx.h(1904): warning : expression has no effect
         
     1>c:\program files\mpich2\include\mpicxx.h(1905): warning : expression has no effect
         
     1>c:\program files\mpich2\include\mpicxx.h(1905): warning : expression has no effect
         
     1>c:\program files\mpich2\include\mpicxx.h(1905): warning : expression has no effect
         
     1>c:\program files\mpich2\include\mpicxx.h(1905): warning : expression has no effect
         
     1>c:\program files\mpich2\include\mpicxx.h(1906): warning : expression has no effect
         
     1>c:\program files\mpich2\include\mpicxx.h(1906): warning : expression has no effect
         
     1>c:\program files\mpich2\include\mpicxx.h(1906): warning : expression has no effect
         
     1>c:\program files\mpich2\include\mpicxx.h(409): warning : expression has no effect
         
     1>c:\program files\mpich2\include\mpicxx.h(409): warning : expression has no effect
         
     1>c:\program files\mpich2\include\mpicxx.h(409): warning : expression has no effect
         
     1>c:\program files\mpich2\include\mpicxx.h(409): warning : expression has no effect
         
     1>c:\program files\mpich2\include\mpicxx.h(409): warning : expression has no effect
         
     1>c:\program files\mpich2\include\mpicxx.h(410): warning : expression has no effect
         
     1>c:\program files\mpich2\include\mpicxx.h(410): warning : expression has no effect
         
     1>c:\program files\mpich2\include\mpicxx.h(410): warning : expression has no effect
         
     1>c:\program files\mpich2\include\mpicxx.h(410): warning : expression has no effect
         
     1>c:\program files\mpich2\include\mpicxx.h(411): warning : expression has no effect
         
     1>c:\program files\mpich2\include\mpicxx.h(411): warning : expression has no effect
         
     1>c:\program files\mpich2\include\mpicxx.h(411): warning : expression has no effect
         
     1>c:\program files\mpich2\include\mpicxx.h(1471): warning : expression has no effect
         
     1>c:\program files\mpich2\include\mpicxx.h(1471): warning : expression has no effect
         
     1>c:\program files\mpich2\include\mpicxx.h(1471): warning : expression has no effect
         
     1>c:\program files\mpich2\include\mpicxx.h(1471): warning : expression has no effect
         
     1>c:\program files\mpich2\include\mpicxx.h(1471): warning : expression has no effect
         
     1>c:\program files\mpich2\include\mpicxx.h(1472): warning : expression has no effect
         
     1>c:\program files\mpich2\include\mpicxx.h(1472): warning : expression has no effect
         
     1>c:\program files\mpich2\include\mpicxx.h(1472): warning : expression has no effect
         
     1>c:\program files\mpich2\include\mpicxx.h(1472): warning : expression has no effect
         
     1>c:\program files\mpich2\include\mpicxx.h(1473): warning : expression has no effect
         
     1>c:\program files\mpich2\include\mpicxx.h(1473): warning : expression has no effect
         
     1>c:\program files\mpich2\include\mpicxx.h(1473): warning : expression has no effect
         
     1>c:\program files\mpich2\include\mpicxx.h(1904): warning : expression has no effect
         
     1>c:\program files\mpich2\include\mpicxx.h(1904): warning : expression has no effect
         
     1>c:\program files\mpich2\include\mpicxx.h(1904): warning : expression has no effect
         
     1>c:\program files\mpich2\include\mpicxx.h(1904): warning : expression has no effect
         
     1>c:\program files\mpich2\include\mpicxx.h(1904): warning : expression has no effect
         
     1>c:\program files\mpich2\include\mpicxx.h(1905): warning : expression has no effect
         
     1>c:\program files\mpich2\include\mpicxx.h(1905): warning : expression has no effect
         
     1>c:\program files\mpich2\include\mpicxx.h(1905): warning : expression has no effect
         
     1>c:\program files\mpich2\include\mpicxx.h(1905): warning : expression has no effect
         
     1>c:\program files\mpich2\include\mpicxx.h(1906): warning : expression has no effect
         
     1>c:\program files\mpich2\include\mpicxx.h(1906): warning : expression has no effect
         
     1>c:\program files\mpich2\include\mpicxx.h(1906): warning : expression has no effect
         
         kernel.cu
       ClCompile:
         C:\Program Files (x86)\Microsoft Visual Studio 10.0\VC\bin\x86_amd64\CL.exe /c /I"C:\Program Files\MPICH2\include" /I"C:\Program Files\NVIDIA GPU Computing Toolkit\CUDA\v7.0\include" /Zi /nologo /W3 /WX- /Od /D _CRT_SECURE_NO_WARNINGS /D WIN32 /D WIN64 /D _DEBUG /D _CONSOLE /D _MBCS /Gm /EHsc /RTC1 /MDd /GS /fp:precise /Zc:wchar_t /Zc:forScope /openmp /Fo"x64\Debug\\" /Fd"x64\Debug\vc100.pdb" /Gd /TP /errorReport:prompt file_funcs.cpp functions.cpp kmeans_funcs.cpp main.cpp
         kmeans_funcs.cpp
         functions.cpp
         Generating Code...
         Compiling...
         main.cpp
         file_funcs.cpp
         Generating Code...
       ManifestResourceCompile:
         All outputs are up-to-date.
       Link:
         C:\Program Files (x86)\Microsoft Visual Studio 10.0\VC\bin\x86_amd64\link.exe /ERRORREPORT:PROMPT /OUT:"J:\Google Drive\Software Engineering Afeka\2016 Summer\Parallel Distributed Computing\Parallel_Final_PRoject_Coherent\x64\Debug\Parallel_Final_Project.exe" /INCREMENTAL /NOLOGO /LIBPATH:"C:\Program Files\MPICH2\lib" /LIBPATH:"C:\Program Files\NVIDIA GPU Computing Toolkit\CUDA\v7.0\lib\x64" mpi.lib cudart.lib kernel32.lib user32.lib gdi32.lib winspool.lib comdlg32.lib advapi32.lib shell32.lib ole32.lib oleaut32.lib uuid.lib odbc32.lib odbccp32.lib kernel32.lib user32.lib gdi32.lib winspool.lib comdlg32.lib advapi32.lib shell32.lib ole32.lib oleaut32.lib uuid.lib odbc32.lib odbccp32.lib /MANIFEST /ManifestFile:"x64\Debug\Parallel_Final_Project.exe.intermediate.manifest" /MANIFESTUAC:"level='asInvoker' uiAccess='false'" /DEBUG /PDB:"J:\Google Drive\Software Engineering Afeka\2016 Summer\Parallel Distributed Computing\Parallel_Final_PRoject_Coherent\x64\Debug\Parallel_Final_Project.pdb" /SUBSYSTEM:CONSOLE /TLBID:1 /DYNAMICBASE /NXCOMPAT /IMPLIB:"J:\Google Drive\Software Engineering Afeka\2016 Summer\Parallel Distributed Computing\Parallel_Final_PRoject_Coherent\x64\Debug\Parallel_Final_Project.lib" /MACHINE:X64 x64\Debug\kernel.cu.obj
         x64\Debug\Parallel_Final_Project.exe.embed.manifest.res
         x64\Debug\file_funcs.obj
         x64\Debug\functions.obj
         x64\Debug\kmeans_funcs.obj
         x64\Debug\main.obj
         Parallel_Final_Project.vcxproj -> J:\Google Drive\Software Engineering Afeka\2016 Summer\Parallel Distributed Computing\Parallel_Final_PRoject_Coherent\x64\Debug\Parallel_Final_Project.exe
       Manifest:
         C:\Program Files (x86)\Microsoft SDKs\Windows\v7.0A\bin\mt.exe /nologo /verbose /out:"x64\Debug\Parallel_Final_Project.exe.embed.manifest" /manifest x64\Debug\Parallel_Final_Project.exe.intermediate.manifest
         All outputs are up-to-date.
       LinkEmbedManifest:
         All outputs are up-to-date.
         Parallel_Final_Project.vcxproj -> J:\Google Drive\Software Engineering Afeka\2016 Summer\Parallel Distributed Computing\Parallel_Final_PRoject_Coherent\x64\Debug\Parallel_Final_Project.exe
       PostBuildEvent:
         echo copy "C:\Program Files\NVIDIA GPU Computing Toolkit\CUDA\v7.0\bin\cudart*.dll" "J:\Google Drive\Software Engineering Afeka\2016 Summer\Parallel Distributed Computing\Parallel_Final_PRoject_Coherent\x64\Debug\"
         copy "C:\Program Files\NVIDIA GPU Computing Toolkit\CUDA\v7.0\bin\cudart*.dll" "J:\Google Drive\Software Engineering Afeka\2016 Summer\Parallel Distributed Computing\Parallel_Final_PRoject_Coherent\x64\Debug\"
         :VCEnd
         copy "C:\Program Files\NVIDIA GPU Computing Toolkit\CUDA\v7.0\bin\cudart*.dll" "J:\Google Drive\Software Engineering Afeka\2016 Summer\Parallel Distributed Computing\Parallel_Final_PRoject_Coherent\x64\Debug\"
         C:\Program Files\NVIDIA GPU Computing Toolkit\CUDA\v7.0\bin\cudart32_70.dll
         C:\Program Files\NVIDIA GPU Computing Toolkit\CUDA\v7.0\bin\cudart64_70.dll
                 2 file(s) copied.
       FinalizeBuildStatus:
         Deleting file "x64\Debug\Parallel_Final_Project.unsuccessfulbuild".
         Touching "x64\Debug\Parallel_Final_Project.lastbuildstate".
     1>Done Building Project "J:\Google Drive\Software Engineering Afeka\2016 Summer\Parallel Distributed Computing\Parallel_Final_PRoject_Coherent\Parallel_Final_Project\Parallel_Final_Project.vcxproj" (build target(s)).

Build succeeded.

Time Elapsed 00:00:07.92
