J:\Google Drive\Software Engineering Afeka\2016 Summer\Parallel Distributed Computing\Parallel_Final_Project\Debug\Parallel_Final_Project.pdb
J:\Google Drive\Software Engineering Afeka\2016 Summer\Parallel Distributed Computing\Parallel_Final_Project\Parallel_Final_Project\Debug\cl.command.1.tlog
J:\Google Drive\Software Engineering Afeka\2016 Summer\Parallel Distributed Computing\Parallel_Final_Project\Parallel_Final_Project\Debug\CL.read.1.tlog
J:\Google Drive\Software Engineering Afeka\2016 Summer\Parallel Distributed Computing\Parallel_Final_Project\Parallel_Final_Project\Debug\CL.write.1.tlog
J:\GOOGLE DRIVE\SOFTWARE ENGINEERING AFEKA\2016 SUMMER\PARALLEL DISTRIBUTED COMPUTING\PARALLEL_FINAL_PROJECT\PARALLEL_FINAL_PROJECT\DEBUG\FUNCTIONS.OBJ
J:\Google Drive\Software Engineering Afeka\2016 Summer\Parallel Distributed Computing\Parallel_Final_Project\Parallel_Final_Project\Debug\kernel.cu.cache
J:\Google Drive\Software Engineering Afeka\2016 Summer\Parallel Distributed Computing\Parallel_Final_Project\Parallel_Final_Project\Debug\kernel.cu.obj
J:\Google Drive\Software Engineering Afeka\2016 Summer\Parallel Distributed Computing\Parallel_Final_Project\Parallel_Final_Project\Debug\link.command.1.tlog
J:\Google Drive\Software Engineering Afeka\2016 Summer\Parallel Distributed Computing\Parallel_Final_Project\Parallel_Final_Project\Debug\link.read.1.tlog
J:\Google Drive\Software Engineering Afeka\2016 Summer\Parallel Distributed Computing\Parallel_Final_Project\Parallel_Final_Project\Debug\link.write.1.tlog
J:\Google Drive\Software Engineering Afeka\2016 Summer\Parallel Distributed Computing\Parallel_Final_Project\Parallel_Final_Project\Debug\link-cvtres.read.1.tlog
J:\Google Drive\Software Engineering Afeka\2016 Summer\Parallel Distributed Computing\Parallel_Final_Project\Parallel_Final_Project\Debug\link-cvtres.write.1.tlog
J:\GOOGLE DRIVE\SOFTWARE ENGINEERING AFEKA\2016 SUMMER\PARALLEL DISTRIBUTED COMPUTING\PARALLEL_FINAL_PROJECT\PARALLEL_FINAL_PROJECT\DEBUG\MAIN.OBJ
J:\Google Drive\Software Engineering Afeka\2016 Summer\Parallel Distributed Computing\Parallel_Final_Project\Parallel_Final_Project\Debug\Parallel_Final_Project.exe.embed.manifest
J:\GOOGLE DRIVE\SOFTWARE ENGINEERING AFEKA\2016 SUMMER\PARALLEL DISTRIBUTED COMPUTING\PARALLEL_FINAL_PROJECT\PARALLEL_FINAL_PROJECT\DEBUG\PARALLEL_FINAL_PROJECT.EXE.EMBED.MANIFEST.RES
J:\Google Drive\Software Engineering Afeka\2016 Summer\Parallel Distributed Computing\Parallel_Final_Project\Parallel_Final_Project\Debug\Parallel_Final_Project.exe.intermediate.manifest
J:\Google Drive\Software Engineering Afeka\2016 Summer\Parallel Distributed Computing\Parallel_Final_Project\Parallel_Final_Project\Debug\Parallel_Final_Project.write.1.tlog
J:\Google Drive\Software Engineering Afeka\2016 Summer\Parallel Distributed Computing\Parallel_Final_Project\Parallel_Final_Project\Debug\Parallel_Final_Project_manifest.rc
J:\Google Drive\Software Engineering Afeka\2016 Summer\Parallel Distributed Computing\Parallel_Final_Project\Parallel_Final_Project\Debug\rc.command.1.tlog
J:\Google Drive\Software Engineering Afeka\2016 Summer\Parallel Distributed Computing\Parallel_Final_Project\Parallel_Final_Project\Debug\rc.read.1.tlog
J:\Google Drive\Software Engineering Afeka\2016 Summer\Parallel Distributed Computing\Parallel_Final_Project\Parallel_Final_Project\Debug\rc.write.1.tlog
J:\Google Drive\Software Engineering Afeka\2016 Summer\Parallel Distributed Computing\Parallel_Final_Project\Parallel_Final_Project\Debug\vc100.idb
J:\GOOGLE DRIVE\SOFTWARE ENGINEERING AFEKA\2016 SUMMER\PARALLEL DISTRIBUTED COMPUTING\PARALLEL_FINAL_PROJECT\PARALLEL_FINAL_PROJECT\DEBUG\VC100.PDB
